---------------------------------------------------------------------------------
      name:  <unnamed>
       log:  C:\Users\zshuheng\Documents\firstrepomichigan\firstlog.log
  log type:  text
 opened on:  10 Jul 2025, 11:35:11

. 
. describe

Contains data from M:\Stata19MP-2\installed\ado\base/a/auto.dta
 Observations:            74                  1978 automobile data
    Variables:            12                  13 Apr 2024 17:45
                                              (_dta has notes)
---------------------------------------------------------------------------------
Variable      Storage   Display    Value
    name         type    format    label      Variable label
---------------------------------------------------------------------------------
make            str18   %-18s                 Make and model
price           int     %8.0gc                Price
mpg             int     %8.0g                 Mileage (mpg)
rep78           int     %8.0g                 Repair record 1978
headroom        float   %6.1f                 Headroom (in.)
trunk           int     %8.0g                 Trunk space (cu. ft.)
weight          int     %8.0gc                Weight (lbs.)
length          int     %8.0g                 Length (in.)
turn            int     %8.0g                 Turn circle (ft.)
displacement    int     %8.0g                 Displacement (cu. in.)
gear_ratio      float   %6.2f                 Gear ratio
foreign         byte    %8.0g      origin     Car origin
---------------------------------------------------------------------------------
Sorted by: foreign

. 
. regress price mpg rep78

      Source |       SS           df       MS      Number of obs   =        69
-------------+----------------------------------   F(2, 66)        =     11.06
       Model |   144754063         2  72377031.7   Prob > F        =    0.0001
    Residual |   432042896        66  6546104.48   R-squared       =    0.2510
-------------+----------------------------------   Adj R-squared   =    0.2283
       Total |   576796959        68  8482308.22   Root MSE        =    2558.5

------------------------------------------------------------------------------
       price | Coefficient  Std. err.      t    P>|t|     [95% conf. interval]
-------------+----------------------------------------------------------------
         mpg |  -271.6425   57.77115    -4.70   0.000    -386.9864   -156.2987
       rep78 |   666.9568   342.3559     1.95   0.056     -16.5789    1350.492
       _cons |   9657.754    1346.54     7.17   0.000       6969.3    12346.21
------------------------------------------------------------------------------

. 
. twoway (scatter weight length) (lfit weight length), ///
>  title("Weight vs. Length") 

. 
. graph export weight_vs_length.pdf, replace
file weight_vs_length.pdf saved as PDF format

. 
. capture log close 
